<?xml version="1.0" encoding="UTF-8"?>
<robot generator="Robot 7.3.2 (Python 3.12.6 on win32)" generated="2025-07-31T13:57:58.162668" rpa="false" schemaversion="5">
<suite id="s1" name="Api Petv2" source="c:\Users\PGY-USER\Desktop\robot-api-auto-test\tests\api_petv2.robot">
<test id="s1-t1" name="Delete - Pet And Verify Deletion" line="95">
<kw name="Create Petstore Session Key" type="SETUP">
<kw name="Create Dictionary" owner="BuiltIn">
<msg time="2025-07-31T13:57:58.685864" level="INFO">&amp;{headers} = { Content-Type=application/json | accept=application/json | api_key=special-key }</msg>
<var>&amp;{headers}</var>
<arg>Content-Type=application/json</arg>
<arg>accept=application/json</arg>
<arg>api_key=${API_KEY}</arg>
<doc>Creates and returns a dictionary based on the given ``items``.</doc>
<status status="PASS" start="2025-07-31T13:57:58.684802" elapsed="0.007029"/>
</kw>
<kw name="Create Session" owner="RequestsLibrary">
<msg time="2025-07-31T13:57:58.693863" level="INFO">Creating Session using : alias=petstore, url=https://petstore.swagger.io/v2, headers={'Content-Type': 'application/json', 'accept': 'application/json', 'api_key': 'special-key'},                     cookies={}, auth=None, timeout=None, proxies=None, verify=False,                     debug=0 </msg>
<arg>petstore</arg>
<arg>${BASE_URL}</arg>
<arg>headers=&amp;{headers}</arg>
<doc>Create Session: create a HTTP session to a server</doc>
<status status="PASS" start="2025-07-31T13:57:58.692863" elapsed="0.001996"/>
</kw>
<status status="PASS" start="2025-07-31T13:57:58.683799" elapsed="0.011060"/>
</kw>
<kw name="DELETE On Session" owner="RequestsLibrary">
<msg time="2025-07-31T13:57:59.909568" level="INFO">DELETE Request : url=https://petstore.swagger.io/v2/pet/9223372036854740480 
 path_url=/v2/pet/9223372036854740480 
 headers={'User-Agent': 'python-requests/2.32.4', 'Accept-Encoding': 'gzip, deflate', 'accept': 'application/json', 'Connection': 'keep-alive', 'Content-Type': 'application/json', 'api_key': 'special-key', 'Content-Length': '0'} 
 body=None 
 </msg>
<msg time="2025-07-31T13:57:59.910567" level="INFO">DELETE Response : url=https://petstore.swagger.io/v2/pet/9223372036854740480 
 status=200, reason=OK 
 headers={'Date': 'Thu, 31 Jul 2025 06:57:59 GMT', 'Content-Type': 'application/json', 'Transfer-Encoding': 'chunked', 'Connection': 'keep-alive', 'Access-Control-Allow-Origin': '*', 'Access-Control-Allow-Methods': 'GET, POST, DELETE, PUT', 'Access-Control-Allow-Headers': 'Content-Type, api_key, Authorization', 'Server': 'Jetty(9.2.9.v20150224)'} 
 body={"code":200,"type":"unknown","message":"9223372036854740480"} 
 </msg>
<msg time="2025-07-31T13:57:59.911571" level="INFO">c:\Users\PGY-USER\Desktop\robot-api-auto-test\venv\Lib\site-packages\urllib3\connectionpool.py:1097: InsecureRequestWarning: Unverified HTTPS request is being made to host 'petstore.swagger.io'. Adding certificate verification is strongly advised. See: https://urllib3.readthedocs.io/en/latest/advanced-usage.html#tls-warnings
  warnings.warn(</msg>
<msg time="2025-07-31T13:57:59.914105" level="INFO">${response} = &lt;Response [200]&gt;</msg>
<var>${response}</var>
<arg>petstore</arg>
<arg>/pet/${PET_ID}</arg>
<doc>Sends a DELETE request on a previously created HTTP Session.</doc>
<status status="PASS" start="2025-07-31T13:57:58.696923" elapsed="1.217182"/>
</kw>
<kw name="Should Be Equal As Numbers" owner="BuiltIn">
<msg time="2025-07-31T13:57:59.918638" level="INFO">Argument types are:
&lt;class 'int'&gt;
&lt;class 'str'&gt;</msg>
<arg>${response.status_code}</arg>
<arg>200</arg>
<doc>Fails if objects are unequal after converting them to real numbers.</doc>
<status status="PASS" start="2025-07-31T13:57:59.916102" elapsed="0.002928"/>
</kw>
<kw name="GET On Session" owner="RequestsLibrary">
<msg time="2025-07-31T13:58:00.194975" level="INFO">GET Request : url=https://petstore.swagger.io/v2/pet/9223372036854740480 
 path_url=/v2/pet/9223372036854740480 
 headers={'User-Agent': 'python-requests/2.32.4', 'Accept-Encoding': 'gzip, deflate', 'accept': 'application/json', 'Connection': 'keep-alive', 'Content-Type': 'application/json', 'api_key': 'special-key'} 
 body=None 
 </msg>
<msg time="2025-07-31T13:58:00.195991" level="INFO">GET Response : url=https://petstore.swagger.io/v2/pet/9223372036854740480 
 status=404, reason=Not Found 
 headers={'Date': 'Thu, 31 Jul 2025 06:58:00 GMT', 'Content-Type': 'application/json', 'Transfer-Encoding': 'chunked', 'Connection': 'keep-alive', 'Access-Control-Allow-Origin': '*', 'Access-Control-Allow-Methods': 'GET, POST, DELETE, PUT', 'Access-Control-Allow-Headers': 'Content-Type, api_key, Authorization', 'Server': 'Jetty(9.2.9.v20150224)'} 
 body={"code":1,"type":"error","message":"Pet not found"} 
 </msg>
<msg time="2025-07-31T13:58:00.196998" level="INFO">c:\Users\PGY-USER\Desktop\robot-api-auto-test\venv\Lib\site-packages\urllib3\connectionpool.py:1097: InsecureRequestWarning: Unverified HTTPS request is being made to host 'petstore.swagger.io'. Adding certificate verification is strongly advised. See: https://urllib3.readthedocs.io/en/latest/advanced-usage.html#tls-warnings
  warnings.warn(</msg>
<msg time="2025-07-31T13:58:00.198528" level="INFO">${verify_response} = &lt;Response [404]&gt;</msg>
<var>${verify_response}</var>
<arg>petstore</arg>
<arg>/pet/${PET_ID}</arg>
<arg>expected_status=404</arg>
<doc>Sends a GET request on a previously created HTTP Session.</doc>
<status status="PASS" start="2025-07-31T13:57:59.919636" elapsed="0.279893"/>
</kw>
<kw name="Log To Console" owner="BuiltIn">
<arg>Pet ${PET_ID} has been deleted and verified.</arg>
<doc>Logs the given message to the console.</doc>
<status status="PASS" start="2025-07-31T13:58:00.201557" elapsed="0.001976"/>
</kw>
<tag>DELETE</tag>
<tag>PET</tag>
<status status="PASS" start="2025-07-31T13:57:58.682824" elapsed="1.522713"/>
</test>
<status status="PASS" start="2025-07-31T13:57:58.178255" elapsed="2.033364"/>
</suite>
<statistics>
<total>
<stat pass="1" fail="0" skip="0">All Tests</stat>
</total>
<tag>
<stat pass="1" fail="0" skip="0">DELETE</stat>
<stat pass="1" fail="0" skip="0">PET</stat>
</tag>
<suite>
<stat name="Api Petv2" id="s1" pass="1" fail="0" skip="0">Api Petv2</stat>
</suite>
</statistics>
<errors>
</errors>
</robot>
